# JRE version: OpenJDK Runtime Environment AdoptOpenJDK (11.0.10+9) (build 11.0.10+9)
# Java VM: OpenJDK 64-Bit Server VM AdoptOpenJDK (11.0.10+9, mixed mode, tiered, compressed oops, g1 gc, windows-amd64)
Heap:
 garbage-first heap   total 391168K, used 170804K [0x0000000700c00000, 0x0000000800000000)
  region size 1024K, 75 young (76800K), 16 survivors (16384K)
 Metaspace       used 32912K, capacity 33553K, committed 33664K, reserved 1079296K
  class space    used 3615K, capacity 3898K, committed 3968K, reserved 1048576K
GC Heap History (20 events):
Event: 0.574 GC heap before
{Heap before GC invocations=2 (full 0):
 garbage-first heap   total 262144K, used 37177K [0x0000000700c00000, 0x0000000800000000)
  region size 1024K, 12 young (12288K), 3 survivors (3072K)
 Metaspace       used 9213K, capacity 9270K, committed 9344K, reserved 1058816K
  class space    used 837K, capacity 853K, committed 896K, reserved 1048576K
}
Event: 0.578 GC heap after
{Heap after GC invocations=3 (full 0):
 garbage-first heap   total 262144K, used 34341K [0x0000000700c00000, 0x0000000800000000)
  region size 1024K, 2 young (2048K), 2 survivors (2048K)
 Metaspace       used 9213K, capacity 9270K, committed 9344K, reserved 1058816K
  class space    used 837K, capacity 853K, committed 896K, reserved 1048576K
}
Event: 1.091 GC heap before
{Heap before GC invocations=3 (full 0):
 garbage-first heap   total 262144K, used 52773K [0x0000000700c00000, 0x0000000800000000)
  region size 1024K, 20 young (20480K), 2 survivors (2048K)
 Metaspace       used 16679K, capacity 16949K, committed 17024K, reserved 1064960K
  class space    used 1773K, capacity 1860K, committed 1920K, reserved 1048576K
}
Event: 1.093 GC heap after
{Heap after GC invocations=4 (full 0):
 garbage-first heap   total 262144K, used 36535K [0x0000000700c00000, 0x0000000800000000)
  region size 1024K, 3 young (3072K), 3 survivors (3072K)
 Metaspace       used 16679K, capacity 16949K, committed 17024K, reserved 1064960K
  class space    used 1773K, capacity 1860K, committed 1920K, reserved 1048576K
}
Event: 1.476 GC heap before
{Heap before GC invocations=4 (full 0):
 garbage-first heap   total 262144K, used 89783K [0x0000000700c00000, 0x0000000800000000)
  region size 1024K, 44 young (45056K), 3 survivors (3072K)
 Metaspace       used 20766K, capacity 21126K, committed 21248K, reserved 1069056K
  class space    used 2336K, capacity 2481K, committed 2560K, reserved 1048576K
}
Event: 1.484 GC heap after
{Heap after GC invocations=5 (full 0):
 garbage-first heap   total 317440K, used 43566K [0x0000000700c00000, 0x0000000800000000)
  region size 1024K, 6 young (6144K), 6 survivors (6144K)
 Metaspace       used 20766K, capacity 21126K, committed 21248K, reserved 1069056K
  class space    used 2336K, capacity 2481K, committed 2560K, reserved 1048576K
}
Event: 2.580 GC heap before
{Heap before GC invocations=6 (full 0):
 garbage-first heap   total 317440K, used 90670K [0x0000000700c00000, 0x0000000800000000)
  region size 1024K, 58 young (59392K), 6 survivors (6144K)
 Metaspace       used 30167K, capacity 30728K, committed 30976K, reserved 1077248K
  class space    used 3480K, capacity 3717K, committed 3840K, reserved 1048576K
}
Event: 2.590 GC heap after
{Heap after GC invocations=7 (full 0):
 garbage-first heap   total 317440K, used 43764K [0x0000000700c00000, 0x0000000800000000)
  region size 1024K, 8 young (8192K), 8 survivors (8192K)
 Metaspace       used 30167K, capacity 30728K, committed 30976K, reserved 1077248K
  class space    used 3480K, capacity 3717K, committed 3840K, reserved 1048576K
}
Event: 3.442 GC heap before
{Heap before GC invocations=7 (full 0):
 garbage-first heap   total 317440K, used 117492K [0x0000000700c00000, 0x0000000800000000)
  region size 1024K, 80 young (81920K), 8 survivors (8192K)
 Metaspace       used 31391K, capacity 31909K, committed 32256K, reserved 1077248K
  class space    used 3527K, capacity 3759K, committed 3840K, reserved 1048576K
}
Event: 3.454 GC heap after
{Heap after GC invocations=8 (full 0):
 garbage-first heap   total 317440K, used 60857K [0x0000000700c00000, 0x0000000800000000)
  region size 1024K, 10 young (10240K), 10 survivors (10240K)
 Metaspace       used 31391K, capacity 31909K, committed 32256K, reserved 1077248K
  class space    used 3527K, capacity 3759K, committed 3840K, reserved 1048576K
}
Event: 4.127 GC heap before
{Heap before GC invocations=8 (full 0):
 garbage-first heap   total 317440K, used 146873K [0x0000000700c00000, 0x0000000800000000)
  region size 1024K, 94 young (96256K), 10 survivors (10240K)
 Metaspace       used 31858K, capacity 32441K, committed 32512K, reserved 1077248K
  class space    used 3538K, capacity 3801K, committed 3840K, reserved 1048576K
}
Event: 4.142 GC heap after
{Heap after GC invocations=9 (full 0):
 garbage-first heap   total 317440K, used 79694K [0x0000000700c00000, 0x0000000800000000)
  region size 1024K, 12 young (12288K), 12 survivors (12288K)
 Metaspace       used 31858K, capacity 32441K, committed 32512K, reserved 1077248K
  class space    used 3538K, capacity 3801K, committed 3840K, reserved 1048576K
}
Event: 4.442 GC heap before
{Heap before GC invocations=9 (full 0):
 garbage-first heap   total 317440K, used 118606K [0x0000000700c00000, 0x0000000800000000)
  region size 1024K, 50 young (51200K), 12 survivors (12288K)
 Metaspace       used 31955K, capacity 32570K, committed 32768K, reserved 1079296K
  class space    used 3538K, capacity 3801K, committed 3840K, reserved 1048576K
}
Event: 4.456 GC heap after
{Heap after GC invocations=10 (full 0):
 garbage-first heap   total 391168K, used 88064K [0x0000000700c00000, 0x0000000800000000)
  region size 1024K, 7 young (7168K), 7 survivors (7168K)
 Metaspace       used 31955K, capacity 32570K, committed 32768K, reserved 1079296K
  class space    used 3538K, capacity 3801K, committed 3840K, reserved 1048576K
}
Event: 5.315 GC heap before
{Heap before GC invocations=10 (full 0):
 garbage-first heap   total 391168K, used 175104K [0x0000000700c00000, 0x0000000800000000)
  region size 1024K, 92 young (94208K), 7 survivors (7168K)
 Metaspace       used 32176K, capacity 32775K, committed 33024K, reserved 1079296K
  class space    used 3540K, capacity 3802K, committed 3840K, reserved 1048576K
}
Event: 5.324 GC heap after
{Heap after GC invocations=11 (full 0):
 garbage-first heap   total 391168K, used 95646K [0x0000000700c00000, 0x0000000800000000)
  region size 1024K, 8 young (8192K), 8 survivors (8192K)
 Metaspace       used 32176K, capacity 32775K, committed 33024K, reserved 1079296K
  class space    used 3540K, capacity 3802K, committed 3840K, reserved 1048576K
}
Event: 6.362 GC heap before
{Heap before GC invocations=11 (full 0):
 garbage-first heap   total 391168K, used 211358K [0x0000000700c00000, 0x0000000800000000)
  region size 1024K, 121 young (123904K), 8 survivors (8192K)
 Metaspace       used 32453K, capacity 33078K, committed 33280K, reserved 1079296K
  class space    used 3573K, capacity 3814K, committed 3840K, reserved 1048576K
}
Event: 6.368 GC heap after
{Heap after GC invocations=12 (full 0):
 garbage-first heap   total 391168K, used 103209K [0x0000000700c00000, 0x0000000800000000)
  region size 1024K, 15 young (15360K), 15 survivors (15360K)
 Metaspace       used 32453K, capacity 33078K, committed 33280K, reserved 1079296K
  class space    used 3573K, capacity 3814K, committed 3840K, reserved 1048576K
}
Event: 6.946 GC heap before
{Heap before GC invocations=12 (full 0):
 garbage-first heap   total 391168K, used 270121K [0x0000000700c00000, 0x0000000800000000)
  region size 1024K, 178 young (182272K), 15 survivors (15360K)
 Metaspace       used 32815K, capacity 33430K, committed 33664K, reserved 1079296K
  class space    used 3603K, capacity 3859K, committed 3968K, reserved 1048576K
}
Event: 6.955 GC heap after
{Heap after GC invocations=13 (full 0):
 garbage-first heap   total 391168K, used 111412K [0x0000000700c00000, 0x0000000800000000)
  region size 1024K, 16 young (16384K), 16 survivors (16384K)
 Metaspace       used 32815K, capacity 33430K, committed 33664K, reserved 1079296K
  class space    used 3603K, capacity 3859K, committed 3968K, reserved 1048576K
}

